  315058765_ProyectoFinal_GPO09.cpp
C:\Users\alons\Documents\Escuela\Lab. Computo\Repositorio\315058765_PROYECTOFINAL2022-2_GPO09\ProyectoFinal\ProyectoFinal\315058765_ProyectoFinal_GPO09.cpp(582,24): warning C4244: 'inicializando': conversión de 'double' a 'GLfloat'; posible pérdida de datos
C:\Users\alons\Documents\Escuela\Lab. Computo\Repositorio\315058765_PROYECTOFINAL2022-2_GPO09\ProyectoFinal\ProyectoFinal\315058765_ProyectoFinal_GPO09.cpp(615,21): warning C4244: '=': conversión de 'double' a 'T'; posible pérdida de datos
          with
          [
              T=float
          ]
C:\Users\alons\Documents\Escuela\Lab. Computo\Repositorio\315058765_PROYECTOFINAL2022-2_GPO09\ProyectoFinal\ProyectoFinal\315058765_ProyectoFinal_GPO09.cpp(616,21): warning C4244: '=': conversión de 'double' a 'T'; posible pérdida de datos
          with
          [
              T=float
          ]
C:\Users\alons\Documents\Escuela\Lab. Computo\Repositorio\315058765_PROYECTOFINAL2022-2_GPO09\ProyectoFinal\ProyectoFinal\315058765_ProyectoFinal_GPO09.cpp(617,21): warning C4244: '=': conversión de 'double' a 'T'; posible pérdida de datos
          with
          [
              T=float
          ]
C:\Users\alons\Documents\Escuela\Lab. Computo\Repositorio\315058765_PROYECTOFINAL2022-2_GPO09\ProyectoFinal\ProyectoFinal\315058765_ProyectoFinal_GPO09.cpp(1160,23): warning C4244: '=': conversión de 'double' a 'float'; posible pérdida de datos
C:\Users\alons\Documents\Escuela\Lab. Computo\Repositorio\315058765_PROYECTOFINAL2022-2_GPO09\ProyectoFinal\ProyectoFinal\315058765_ProyectoFinal_GPO09.cpp(1872,11): warning C4244: '=': conversión de 'double' a 'GLfloat'; posible pérdida de datos
C:\Users\alons\Documents\Escuela\Lab. Computo\Repositorio\315058765_PROYECTOFINAL2022-2_GPO09\ProyectoFinal\ProyectoFinal\315058765_ProyectoFinal_GPO09.cpp(1873,11): warning C4244: '=': conversión de 'double' a 'GLfloat'; posible pérdida de datos
C:\Users\alons\Documents\Escuela\Lab. Computo\Repositorio\315058765_PROYECTOFINAL2022-2_GPO09\ProyectoFinal\ProyectoFinal\315058765_ProyectoFinal_GPO09.cpp(1878,18): warning C4244: 'inicializando': conversión de 'double' a 'GLfloat'; posible pérdida de datos
C:\Users\alons\Documents\Escuela\Lab. Computo\Repositorio\315058765_PROYECTOFINAL2022-2_GPO09\ProyectoFinal\ProyectoFinal\315058765_ProyectoFinal_GPO09.cpp(1882,10): warning C4244: '=': conversión de 'double' a 'GLfloat'; posible pérdida de datos
C:\Users\alons\Documents\Escuela\Lab. Computo\Repositorio\315058765_PROYECTOFINAL2022-2_GPO09\ProyectoFinal\ProyectoFinal\315058765_ProyectoFinal_GPO09.cpp(1904,62): warning C4244: '=': conversión de 'double' a 'GLfloat'; posible pérdida de datos
C:\Users\alons\Documents\Escuela\Lab. Computo\Repositorio\315058765_PROYECTOFINAL2022-2_GPO09\ProyectoFinal\ProyectoFinal\315058765_ProyectoFinal_GPO09.cpp(1905,30): warning C4244: '=': conversión de 'double' a 'GLfloat'; posible pérdida de datos
C:\Users\alons\Documents\Escuela\Lab. Computo\Repositorio\315058765_PROYECTOFINAL2022-2_GPO09\ProyectoFinal\ProyectoFinal\315058765_ProyectoFinal_GPO09.cpp(1906,66): warning C4244: '=': conversión de 'double' a 'GLfloat'; posible pérdida de datos
C:\Users\alons\Documents\Escuela\Lab. Computo\Repositorio\315058765_PROYECTOFINAL2022-2_GPO09\ProyectoFinal\ProyectoFinal\315058765_ProyectoFinal_GPO09.cpp(1892,10): warning C4101: 'verticesTS': variable local sin referencia
soil2-debug.lib(SOIL2.obj) : warning LNK4075: se omite '/EDITANDCONTINUE' debido a la especificación '/OPT:ICF'
LINK : warning LNK4098: la biblioteca predeterminada'MSVCRTD' entra en conflicto con otras bibliotecas; use la biblioteca /NODEFAULTLIB:biblioteca
  Generando código
  57 of 718 functions ( 7.9%) were compiled, the rest were copied from previous compilation.
    7 functions were new in current compilation
    43 functions had inline decision re-evaluated but remain unchanged
  Generación de código finalizada
soil2-debug.lib(etc1_utils.obj) : warning LNK4099: no se encontró PDB 'soil2-debug.pdb' con 'soil2-debug.lib(etc1_utils.obj)' o en 'C:\Users\alons\Documents\Escuela\Lab. Computo\Repositorio\315058765_PROYECTOFINAL2022-2_GPO09\ProyectoFinal\Release\soil2-debug.pdb'; se vinculará el objeto sin tener en cuenta información de depuración
soil2-debug.lib(image_DXT.obj) : warning LNK4099: no se encontró PDB 'soil2-debug.pdb' con 'soil2-debug.lib(image_DXT.obj)' o en 'C:\Users\alons\Documents\Escuela\Lab. Computo\Repositorio\315058765_PROYECTOFINAL2022-2_GPO09\ProyectoFinal\Release\soil2-debug.pdb'; se vinculará el objeto sin tener en cuenta información de depuración
soil2-debug.lib(image_helper.obj) : warning LNK4099: no se encontró PDB 'soil2-debug.pdb' con 'soil2-debug.lib(image_helper.obj)' o en 'C:\Users\alons\Documents\Escuela\Lab. Computo\Repositorio\315058765_PROYECTOFINAL2022-2_GPO09\ProyectoFinal\Release\soil2-debug.pdb'; se vinculará el objeto sin tener en cuenta información de depuración
soil2-debug.lib(SOIL2.obj) : warning LNK4099: no se encontró PDB 'soil2-debug.pdb' con 'soil2-debug.lib(SOIL2.obj)' o en 'C:\Users\alons\Documents\Escuela\Lab. Computo\Repositorio\315058765_PROYECTOFINAL2022-2_GPO09\ProyectoFinal\Release\soil2-debug.pdb'; se vinculará el objeto sin tener en cuenta información de depuración
  ProyectoFinal.vcxproj -> C:\Users\alons\Documents\Escuela\Lab. Computo\Repositorio\315058765_PROYECTOFINAL2022-2_GPO09\ProyectoFinal\Release\ProyectoFinal.exe
